#
# There is insufficient memory for the Java Runtime Environment to continue.
# Native memory allocation (mmap) failed to map 257949696 bytes for G1 virtual space
# Possible reasons:
#   The system is out of physical RAM or swap space
#   The process is running with CompressedOops enabled, and the Java Heap may be blocking the growth of the native heap
# Possible solutions:
#   Reduce memory load on the system
#   Increase physical memory or swap space
#   Check if swap backing store is full
#   Decrease Java heap size (-Xmx/-Xms)
#   Decrease number of Java threads
#   Decrease Java thread stack sizes (-Xss)
#   Set larger code cache with -XX:ReservedCodeCacheSize=
#   JVM is running with Zero Based Compressed Oops mode in which the Java heap is
#     placed in the first 32GB address space. The Java Heap base address is the
#     maximum limit for the native heap growth. Please use -XX:HeapBaseMinAddress
#     to set the Java Heap base and to place the Java Heap above 32GB virtual address.
# This output file may be truncated or incomplete.
#
#  Out of Memory Error (os_windows.cpp:3469), pid=19908, tid=12868
#
# JRE version:  (17.0.1+12) (build )
# Java VM: Java HotSpot(TM) 64-Bit Server VM (17.0.1+12-LTS-39, mixed mode, emulated-client, sharing, tiered, compressed oops, compressed class ptrs, g1 gc, windows-amd64)
# No core dump will be written. Minidumps are not enabled by default on client versions of Windows
#

---------------  S U M M A R Y ------------

Command Line: -XX:TieredStopAtLevel=1 -Xverify:none -Dspring.output.ansi.enabled=always -javaagent:D:\Programy\IntelliJ IDEA 2021.2.3\lib\idea_rt.jar=52245:D:\Programy\IntelliJ IDEA 2021.2.3\bin -Dcom.sun.management.jmxremote -Dspring.jmx.enabled=true -Dspring.liveBeansView.mbeanDomain -Dspring.application.admin.enabled=true -Dfile.encoding=UTF-8 com.example.rentalservice.RentalServiceApplication

Host: AMD Ryzen 5 4600H with Radeon Graphics         , 12 cores, 15G,  Windows 10 , 64 bit Build 19041 (10.0.19041.1706)
Time: Fri Jun 10 23:27:43 2022  Windows 10 , 64 bit Build 19041 (10.0.19041.1706) elapsed time: 0.010659 seconds (0d 0h 0m 0s)

---------------  T H R E A D  ---------------

Current thread (0x0000025cde9b3650):  JavaThread "Unknown thread" [_thread_in_vm, id=12868, stack(0x0000008e76000000,0x0000008e76100000)]

Stack: [0x0000008e76000000,0x0000008e76100000]
Native frames: (J=compiled Java code, j=interpreted, Vv=VM code, C=native code)
V  [jvm.dll+0x66fa1a]
V  [jvm.dll+0x7ce5a4]
V  [jvm.dll+0x7cfd4e]
V  [jvm.dll+0x7d03b3]
V  [jvm.dll+0x242b05]
V  [jvm.dll+0x66ca39]
V  [jvm.dll+0x661502]
V  [jvm.dll+0x30081b]
V  [jvm.dll+0x307da6]
V  [jvm.dll+0x357a1e]
V  [jvm.dll+0x357c4f]
V  [jvm.dll+0x2d7ad8]
V  [jvm.dll+0x2d8a44]
V  [jvm.dll+0x7a01e1]
V  [jvm.dll+0x365791]
V  [jvm.dll+0x77f6cc]
V  [jvm.dll+0x3e812f]
V  [jvm.dll+0x3e9bd1]
C  [jli.dll+0x527b]
C  [ucrtbase.dll+0x21bb2]
C  [KERNEL32.DLL+0x17034]
C  [ntdll.dll+0x52651]


---------------  P R O C E S S  ---------------

Threads class SMR info:
_java_thread_list=0x00007ffdf86a7818, length=0, elements={
}

Java Threads: ( => current thread )

Other Threads:
  0x0000025ce0bf4140 GCTaskThread "GC Thread#0" [stack: 0x0000008e76100000,0x0000008e76200000] [id=23100]
  0x0000025ce0c05440 ConcurrentGCThread "G1 Main Marker" [stack: 0x0000008e76200000,0x0000008e76300000] [id=22352]
  0x0000025ce0c063a0 ConcurrentGCThread "G1 Conc#0" [stack: 0x0000008e76300000,0x0000008e76400000] [id=26676]

[error occurred during error reporting (printing all threads), id 0xc0000005, EXCEPTION_ACCESS_VIOLATION (0xc0000005) at pc=0x00007ffdf7ef84b7]

VM state: not at safepoint (not fully initialized)

VM Mutex/Monitor currently owned by a thread:  ([mutex/lock_event])
[0x0000025ce0ba2df0] Heap_lock - owner thread: 0x0000025cde9b3650

Heap address: 0x000000070a000000, size: 3936 MB, Compressed Oops mode: Zero based, Oop shift amount: 3

CDS archive(s) mapped at: [0x0000000000000000-0x0000000000000000-0x0000000000000000), size 0, SharedBaseAddress: 0x0000000800000000, ArchiveRelocationMode: 0.
Narrow klass base: 0x0000000000000000, Narrow klass shift: 0, Narrow klass range: 0x0

GC Precious Log:
<Empty>

Heap:
 garbage-first heap   total 0K, used 0K [0x000000070a000000, 0x0000000800000000)
  region size 2048K, 0 young (0K), 0 survivors (0K)

[error occurred during error reporting (printing heap information), id 0xc0000005, EXCEPTION_ACCESS_VIOLATION (0xc0000005) at pc=0x00007ffdf82d8d89]

GC Heap History (0 events):
No events

Deoptimization events (0 events):
No events

Classes unloaded (0 events):
No events

Classes redefined (0 events):
No events

Internal exceptions (0 events):
No events

VM Operations (0 events):
No events

Events (1 events):
Event: 0.007 Loaded shared library C:\Program Files\Java\jdk-17.0.1\bin\java.dll


Dynamic libraries:
0x00007ff609350000 - 0x00007ff609360000 	C:\Program Files\Java\jdk-17.0.1\bin\java.exe
0x00007ffe8b3b0000 - 0x00007ffe8b5a5000 	C:\Windows\SYSTEM32\ntdll.dll
0x00007ffe8b2b0000 - 0x00007ffe8b36d000 	C:\Windows\System32\KERNEL32.DLL
0x00007ffe88d90000 - 0x00007ffe8905d000 	C:\Windows\System32\KERNELBASE.dll
0x00007ffe88c40000 - 0x00007ffe88d40000 	C:\Windows\System32\ucrtbase.dll
0x00007ffe81b00000 - 0x00007ffe81b18000 	C:\Program Files\Java\jdk-17.0.1\bin\jli.dll
0x00007ffe50210000 - 0x00007ffe5022a000 	C:\Program Files\Java\jdk-17.0.1\bin\VCRUNTIME140.dll
0x00007ffe89400000 - 0x00007ffe894ae000 	C:\Windows\System32\ADVAPI32.dll
0x00007ffe899e0000 - 0x00007ffe89a7e000 	C:\Windows\System32\msvcrt.dll
0x00007ffe8a610000 - 0x00007ffe8a6ac000 	C:\Windows\System32\sechost.dll
0x00007ffe8a770000 - 0x00007ffe8a895000 	C:\Windows\System32\RPCRT4.dll
0x00007ffe89510000 - 0x00007ffe896b0000 	C:\Windows\System32\USER32.dll
0x00007ffe89110000 - 0x00007ffe89132000 	C:\Windows\System32\win32u.dll
0x00007ffe89b60000 - 0x00007ffe89b8a000 	C:\Windows\System32\GDI32.dll
0x00007ffe88ac0000 - 0x00007ffe88bcb000 	C:\Windows\System32\gdi32full.dll
0x00007ffe76e60000 - 0x00007ffe770fa000 	C:\Windows\WinSxS\amd64_microsoft.windows.common-controls_6595b64144ccf1df_6.0.19041.1110_none_60b5254171f9507e\COMCTL32.dll
0x00007ffe89140000 - 0x00007ffe891dd000 	C:\Windows\System32\msvcp_win.dll
0x00007ffe87920000 - 0x00007ffe8792a000 	C:\Windows\SYSTEM32\VERSION.dll
0x00007ffe8a930000 - 0x00007ffe8a960000 	C:\Windows\System32\IMM32.DLL
0x00007ffe50200000 - 0x00007ffe5020c000 	C:\Program Files\Java\jdk-17.0.1\bin\vcruntime140_1.dll
0x00007ffe3afd0000 - 0x00007ffe3b05d000 	C:\Program Files\Java\jdk-17.0.1\bin\msvcp140.dll
0x00007ffdf7c10000 - 0x00007ffdf87ce000 	C:\Program Files\Java\jdk-17.0.1\bin\server\jvm.dll
0x00007ffe8b0b0000 - 0x00007ffe8b0b8000 	C:\Windows\System32\PSAPI.DLL
0x00007ffe836b0000 - 0x00007ffe836b9000 	C:\Windows\SYSTEM32\WSOCK32.dll
0x00007ffe7d700000 - 0x00007ffe7d727000 	C:\Windows\SYSTEM32\WINMM.dll
0x00007ffe89ce0000 - 0x00007ffe89d4b000 	C:\Windows\System32\WS2_32.dll
0x00007ffe878e0000 - 0x00007ffe878f2000 	C:\Windows\SYSTEM32\kernel.appcore.dll
0x00007ffe501f0000 - 0x00007ffe501fa000 	C:\Program Files\Java\jdk-17.0.1\bin\jimage.dll
0x00007ffe867e0000 - 0x00007ffe869c4000 	C:\Windows\SYSTEM32\DBGHELP.DLL
0x00007ffe76960000 - 0x00007ffe7698c000 	C:\Windows\SYSTEM32\dbgcore.DLL
0x00007ffe89340000 - 0x00007ffe893c2000 	C:\Windows\System32\bcryptPrimitives.dll
0x00007ffe43120000 - 0x00007ffe4312e000 	C:\Program Files\Java\jdk-17.0.1\bin\instrument.dll
0x00007ffe3a630000 - 0x00007ffe3a655000 	C:\Program Files\Java\jdk-17.0.1\bin\java.dll

dbghelp: loaded successfully - version: 4.0.5 - missing functions: none
symbol engine: initialized successfully - sym options: 0x614 - pdb path: .;C:\Program Files\Java\jdk-17.0.1\bin;C:\Windows\SYSTEM32;C:\Windows\WinSxS\amd64_microsoft.windows.common-controls_6595b64144ccf1df_6.0.19041.1110_none_60b5254171f9507e;C:\Program Files\Java\jdk-17.0.1\bin\server

VM Arguments:
jvm_args: -XX:TieredStopAtLevel=1 -Xverify:none -Dspring.output.ansi.enabled=always -javaagent:D:\Programy\IntelliJ IDEA 2021.2.3\lib\idea_rt.jar=52245:D:\Programy\IntelliJ IDEA 2021.2.3\bin -Dcom.sun.management.jmxremote -Dspring.jmx.enabled=true -Dspring.liveBeansView.mbeanDomain -Dspring.application.admin.enabled=true -Dfile.encoding=UTF-8 
java_command: com.example.rentalservice.RentalServiceApplication
java_class_path (initial): D:\Studia\RentalService\target\classes;C:\Users\wikto\.m2\repository\org\springframework\boot\spring-boot-starter-web\2.7.0\spring-boot-starter-web-2.7.0.jar;C:\Users\wikto\.m2\repository\org\springframework\boot\spring-boot-starter\2.7.0\spring-boot-starter-2.7.0.jar;C:\Users\wikto\.m2\repository\org\springframework\boot\spring-boot\2.7.0\spring-boot-2.7.0.jar;C:\Users\wikto\.m2\repository\org\springframework\boot\spring-boot-autoconfigure\2.7.0\spring-boot-autoconfigure-2.7.0.jar;C:\Users\wikto\.m2\repository\org\springframework\boot\spring-boot-starter-logging\2.7.0\spring-boot-starter-logging-2.7.0.jar;C:\Users\wikto\.m2\repository\ch\qos\logback\logback-classic\1.2.11\logback-classic-1.2.11.jar;C:\Users\wikto\.m2\repository\ch\qos\logback\logback-core\1.2.11\logback-core-1.2.11.jar;C:\Users\wikto\.m2\repository\org\apache\logging\log4j\log4j-to-slf4j\2.17.2\log4j-to-slf4j-2.17.2.jar;C:\Users\wikto\.m2\repository\org\apache\logging\log4j\log4j-api\2.17.2\log4j-api-2.17.2.jar;C:\Users\wikto\.m2\repository\org\slf4j\jul-to-slf4j\1.7.36\jul-to-slf4j-1.7.36.jar;C:\Users\wikto\.m2\repository\jakarta\annotation\jakarta.annotation-api\1.3.5\jakarta.annotation-api-1.3.5.jar;C:\Users\wikto\.m2\repository\org\yaml\snakeyaml\1.30\snakeyaml-1.30.jar;C:\Users\wikto\.m2\repository\org\springframework\boot\spring-boot-starter-json\2.7.0\spring-boot-starter-json-2.7.0.jar;C:\Users\wikto\.m2\repository\com\fasterxml\jackson\core\jackson-databind\2.13.3\jackson-databind-2.13.3.jar;C:\Users\wikto\.m2\repository\com\fasterxml\jackson\core\jackson-annotations\2.13.3\jackson-annotations-2.13.3.jar;C:\Users\wikto\.m2\repository\com\fasterxml\jackson\core\jackson-core\2.13.3\jackson-core-2.13.3.jar;C:\Users\wikto\.m2\repository\com\fasterxml\jackson\datatype\jackson-datatype-jdk8\2.13.3\jackson-datatype-jdk8-2.13.3.jar;C:\Users\wikto\.m2\repository\com\fasterxml\jackson\datatype\jackson-datatype-jsr310\2.13.3\jackson-datatype-jsr310-2.13.3.jar;C:\Users\wikt
Launcher Type: SUN_STANDARD

[Global flags]
     intx CICompilerCount                          = 4                                         {product} {ergonomic}
     uint ConcGCThreads                            = 3                                         {product} {ergonomic}
     uint G1ConcRefinementThreads                  = 10                                        {product} {ergonomic}
   size_t G1HeapRegionSize                         = 2097152                                   {product} {ergonomic}
    uintx GCDrainStackTargetSize                   = 64                                        {product} {ergonomic}
   size_t InitialHeapSize                          = 257949696                                 {product} {ergonomic}
     bool ManagementServer                         = true                                      {product} {command line}
   size_t MarkStackSize                            = 4194304                                   {product} {ergonomic}
   size_t MaxHeapSize                              = 4127195136                                {product} {ergonomic}
   size_t MinHeapDeltaBytes                        = 2097152                                   {product} {ergonomic}
   size_t MinHeapSize                              = 8388608                                   {product} {ergonomic}
    uintx NonProfiledCodeHeapSize                  = 0                                      {pd product} {ergonomic}
     bool ProfileInterpreter                       = false                                  {pd product} {command line}
    uintx ProfiledCodeHeapSize                     = 0                                      {pd product} {ergonomic}
   size_t SoftMaxHeapSize                          = 4127195136                             {manageable} {ergonomic}
     intx TieredStopAtLevel                        = 1                                         {product} {command line}
     bool UseCompressedClassPointers               = true                           {product lp64_product} {ergonomic}
     bool UseCompressedOops                        = true                           {product lp64_product} {ergonomic}
     bool UseG1GC                                  = true                                      {product} {ergonomic}
     bool UseLargePagesIndividualAllocation        = false                                  {pd product} {ergonomic}

Logging:
Log output configuration:
 #0: stdout all=warning uptime,level,tags
 #1: stderr all=off uptime,level,tags

Environment Variables:
PATH=C:\Program Files\Common Files\Oracle\Java\javapath;C:\Windows\system32;C:\Windows;C:\Windows\System32\Wbem;C:\Windows\System32\WindowsPowerShell\v1.0\;C:\Windows\System32\OpenSSH\;C:\Program Files (x86)\NVIDIA Corporation\PhysX\Common;C:\Program Files\NVIDIA Corporation\NVIDIA NvDLISR;D:\Programy\Brakets\command;C:\Program Files\Git\cmd;D:\Xammp\php;D:\Programy\ComposerSetup;C:\Program Files (x86)\dotnet\;C:\Users\wikto\AppData\Local\Microsoft\WindowsApps;;D:\Programy\IntelliJ IDEA 2021.2.3\bin;;D:\Programy\PhpStorm 2021.2.3\bin;;C:\Users\wikto\AppData\Roaming\Composer\vendor\bin
USERNAME=wikto
OS=Windows_NT
PROCESSOR_IDENTIFIER=AMD64 Family 23 Model 96 Stepping 1, AuthenticAMD



---------------  S Y S T E M  ---------------

OS:
 Windows 10 , 64 bit Build 19041 (10.0.19041.1706)
OS uptime: 1 days 15:04 hours

CPU: total 12 (initial active 12) (12 cores per cpu, 2 threads per core) family 23 model 96 stepping 1 microcode 0x0, cx8, cmov, fxsr, ht, mmx, 3dnowpref, sse, sse2, sse3, ssse3, sse4a, sse4.1, sse4.2, popcnt, lzcnt, tsc, tscinvbit, avx, avx2, aes, clmul, bmi1, bmi2, adx, sha, fma, vzeroupper, clflush, clflushopt

Memory: 4k page, system-wide physical 15741M (3071M free)
TotalPageFile size 19837M (AvailPageFile size 46M)
current process WorkingSet (physical memory assigned to process): 10M, peak: 10M
current process commit charge ("private bytes"): 59M, peak: 305M

vm_info: Java HotSpot(TM) 64-Bit Server VM (17.0.1+12-LTS-39) for windows-amd64 JRE (17.0.1+12-LTS-39), built on Sep 27 2021 18:41:35 by "mach5one" with MS VC++ 16.8 (VS2019)

END.
